# Logfile created on 2018-07-09 11:14:11 +0100 by logger.rb/61378
  INFO ---------------------------------------------------------------------------
  INFO START 2018-07-09 11:14:11 +0100 cap production deploy
  INFO ---------------------------------------------------------------------------
  INFO [2181bd9f] Running /usr/bin/env mkdir -p /tmp as wcmc@wordpress-linode.linode.unep-wcmc.org
 DEBUG [2181bd9f] Command: /usr/bin/env mkdir -p /tmp
  INFO [2181bd9f] Finished in 3.657 seconds with exit status 0 (successful).
 DEBUG Uploading /tmp/git-ssh-eutr-production-stuart.sh 0.0%
  INFO Uploading /tmp/git-ssh-eutr-production-stuart.sh 100.0%
  INFO [52df79e6] Running /usr/bin/env chmod 700 /tmp/git-ssh-eutr-production-stuart.sh as wcmc@wordpress-linode.linode.unep-wcmc.org
 DEBUG [52df79e6] Command: /usr/bin/env chmod 700 /tmp/git-ssh-eutr-production-stuart.sh
  INFO [52df79e6] Finished in 0.073 seconds with exit status 0 (successful).
  INFO [a4ee28a6] Running /usr/bin/env git ls-remote git@github.com:unepwcmc/EUTR.git HEAD as wcmc@wordpress-linode.linode.unep-wcmc.org
 DEBUG [a4ee28a6] Command: ( export GIT_ASKPASS="/bin/echo" GIT_SSH="/tmp/git-ssh-eutr-production-stuart.sh" ; /usr/bin/env git ls-remote git@github.com:unepwcmc/EUTR.git HEAD )
 DEBUG [a4ee28a6] 	Warning: Permanently added 'github.com,192.30.253.112' (RSA) to the list of known hosts.
 DEBUG [a4ee28a6] 	c2ae79783e33a841bcffd0ea1e7fb34d89312a10	HEAD
  INFO [a4ee28a6] Finished in 1.604 seconds with exit status 0 (successful).
  INFO [d26ab89a] Running /usr/bin/env mkdir -p /home/wcmc/eutr/shared /home/wcmc/eutr/releases as wcmc@wordpress-linode.linode.unep-wcmc.org
 DEBUG [d26ab89a] Command: /usr/bin/env mkdir -p /home/wcmc/eutr/shared /home/wcmc/eutr/releases
  INFO [d26ab89a] Finished in 0.070 seconds with exit status 0 (successful).
 DEBUG [1297d554] Running [ -f /home/wcmc/eutr/current/REVISION ] as wcmc@wordpress-linode.linode.unep-wcmc.org
 DEBUG [1297d554] Command: [ -f /home/wcmc/eutr/current/REVISION ]
 DEBUG [1297d554] Finished in 0.067 seconds with exit status 1 (failed).
 DEBUG [a6f8be10] Running [ -f /home/wcmc/eutr/repo/HEAD ] as wcmc@wordpress-linode.linode.unep-wcmc.org
 DEBUG [a6f8be10] Command: [ -f /home/wcmc/eutr/repo/HEAD ]
 DEBUG [a6f8be10] Finished in 0.065 seconds with exit status 1 (failed).
 DEBUG [c4f5d981] Running if test ! -d /home/wcmc/eutr; then echo "Directory does not exist '/home/wcmc/eutr'" 1>&2; false; fi as wcmc@wordpress-linode.linode.unep-wcmc.org
 DEBUG [c4f5d981] Command: if test ! -d /home/wcmc/eutr; then echo "Directory does not exist '/home/wcmc/eutr'" 1>&2; false; fi
 DEBUG [c4f5d981] Finished in 0.082 seconds with exit status 0 (successful).
  INFO [759da71d] Running /usr/bin/env git clone --mirror git@github.com:unepwcmc/EUTR.git /home/wcmc/eutr/repo as wcmc@wordpress-linode.linode.unep-wcmc.org
 DEBUG [759da71d] Command: cd /home/wcmc/eutr && ( export GIT_ASKPASS="/bin/echo" GIT_SSH="/tmp/git-ssh-eutr-production-stuart.sh" ; /usr/bin/env git clone --mirror git@github.com:unepwcmc/EUTR.git /home/wcmc/eutr/repo )
 DEBUG [759da71d] 	Cloning into bare repository '/home/wcmc/eutr/repo'...
 DEBUG [759da71d] 	remote: Counting objects: 6, done.[K
 DEBUG [759da71d] 	remote: Compressing objects:  25% (1/4)   [K
 DEBUG [759da71d] 	remote: Compressing objects:  50% (2/4)   [K
 DEBUG [759da71d] 	remote: Compressing objects:  75% (3/4)   [K
 DEBUG [759da71d] 	remote: Compressing objects: 10
 DEBUG [759da71d] 	0% (4/4)   [K
 DEBUG [759da71d] 	remote: Compressing objects: 100% (4/4), done.[K
 DEBUG [759da71d] 	remote: Total 6 (delta 0), reused 6 (delta 0), pack-reused 0[K
 DEBUG [759da71d] 	Receiving objects:  16% (1/6)   
 DEBUG [759da71d] 	Receiving objects:  33% (2/6)   
 DEBUG [759da71d] 	Receiving objects:  50% (3/6)   
 DEBUG [759da71d] 	Receiving objects:  66% (4/6)   
 DEBUG [759da71d] 	Receiving objects:  83% (5/6)   
 DEBUG [759da71d] 	Receiving objects: 100% (6/6)   
 DEBUG [759da71d] 	Receiving objects: 100% (6/6), done.
 DEBUG [759da71d] 	Checking connectivity... 
 DEBUG [759da71d] 	done.
  INFO [759da71d] Finished in 1.626 seconds with exit status 0 (successful).
 DEBUG [720b253c] Running if test ! -d /home/wcmc/eutr/repo; then echo "Directory does not exist '/home/wcmc/eutr/repo'" 1>&2; false; fi as wcmc@wordpress-linode.linode.unep-wcmc.org
 DEBUG [720b253c] Command: if test ! -d /home/wcmc/eutr/repo; then echo "Directory does not exist '/home/wcmc/eutr/repo'" 1>&2; false; fi
 DEBUG [720b253c] Finished in 0.067 seconds with exit status 0 (successful).
  INFO [e191b3b0] Running /usr/bin/env git remote set-url origin git@github.com:unepwcmc/EUTR.git as wcmc@wordpress-linode.linode.unep-wcmc.org
 DEBUG [e191b3b0] Command: cd /home/wcmc/eutr/repo && ( export GIT_ASKPASS="/bin/echo" GIT_SSH="/tmp/git-ssh-eutr-production-stuart.sh" ; /usr/bin/env git remote set-url origin git@github.com:unepwcmc/EUTR.git )
  INFO [e191b3b0] Finished in 0.131 seconds with exit status 0 (successful).
  INFO [6109f3df] Running /usr/bin/env git remote update --prune as wcmc@wordpress-linode.linode.unep-wcmc.org
 DEBUG [6109f3df] Command: cd /home/wcmc/eutr/repo && ( export GIT_ASKPASS="/bin/echo" GIT_SSH="/tmp/git-ssh-eutr-production-stuart.sh" ; /usr/bin/env git remote update --prune )
 DEBUG [6109f3df] 	Fetching origin
  INFO [6109f3df] Finished in 1.722 seconds with exit status 0 (successful).
 DEBUG [51f8fcbb] Running if test ! -d /home/wcmc/eutr/repo; then echo "Directory does not exist '/home/wcmc/eutr/repo'" 1>&2; false; fi as wcmc@wordpress-linode.linode.unep-wcmc.org
 DEBUG [51f8fcbb] Command: if test ! -d /home/wcmc/eutr/repo; then echo "Directory does not exist '/home/wcmc/eutr/repo'" 1>&2; false; fi
 DEBUG [51f8fcbb] Finished in 0.224 seconds with exit status 0 (successful).
  INFO [4042340a] Running /usr/bin/env mkdir -p /home/wcmc/eutr/releases/20180709101417 as wcmc@wordpress-linode.linode.unep-wcmc.org
 DEBUG [4042340a] Command: cd /home/wcmc/eutr/repo && ( export GIT_ASKPASS="/bin/echo" GIT_SSH="/tmp/git-ssh-eutr-production-stuart.sh" ; /usr/bin/env mkdir -p /home/wcmc/eutr/releases/20180709101417 )
  INFO [4042340a] Finished in 0.220 seconds with exit status 0 (successful).
  INFO [6c2608a3] Running /usr/bin/env git archive master | /usr/bin/env tar -x -f - -C /home/wcmc/eutr/releases/20180709101417 as wcmc@wordpress-linode.linode.unep-wcmc.org
 DEBUG [6c2608a3] Command: cd /home/wcmc/eutr/repo && ( export GIT_ASKPASS="/bin/echo" GIT_SSH="/tmp/git-ssh-eutr-production-stuart.sh" ; /usr/bin/env git archive master | /usr/bin/env tar -x -f - -C /home/wcmc/eutr/releases/20180709101417 )
 DEBUG [6c2608a3] 	warning: unable to access '/home/wcmc/.config/git/attributes': Permission denied
  INFO [6c2608a3] Finished in 0.215 seconds with exit status 0 (successful).
 DEBUG [4d84b1bd] Running if test ! -d /home/wcmc/eutr/repo; then echo "Directory does not exist '/home/wcmc/eutr/repo'" 1>&2; false; fi as wcmc@wordpress-linode.linode.unep-wcmc.org
 DEBUG [4d84b1bd] Command: if test ! -d /home/wcmc/eutr/repo; then echo "Directory does not exist '/home/wcmc/eutr/repo'" 1>&2; false; fi
 DEBUG [4d84b1bd] Finished in 0.067 seconds with exit status 0 (successful).
 DEBUG [b90356a6] Running /usr/bin/env git rev-list --max-count=1 master as wcmc@wordpress-linode.linode.unep-wcmc.org
 DEBUG [b90356a6] Command: cd /home/wcmc/eutr/repo && ( export GIT_ASKPASS="/bin/echo" GIT_SSH="/tmp/git-ssh-eutr-production-stuart.sh" ; /usr/bin/env git rev-list --max-count=1 master )
 DEBUG [b90356a6] 	c2ae79783e33a841bcffd0ea1e7fb34d89312a10
 DEBUG [b90356a6] Finished in 0.067 seconds with exit status 0 (successful).
 DEBUG [0beedc17] Running if test ! -d /home/wcmc/eutr/releases/20180709101417; then echo "Directory does not exist '/home/wcmc/eutr/releases/20180709101417'" 1>&2; false; fi as wcmc@wordpress-linode.linode.unep-wcmc.org
 DEBUG [0beedc17] Command: if test ! -d /home/wcmc/eutr/releases/20180709101417; then echo "Directory does not exist '/home/wcmc/eutr/releases/20180709101417'" 1>&2; false; fi
 DEBUG [0beedc17] Finished in 0.068 seconds with exit status 0 (successful).
  INFO [7bf18007] Running /usr/bin/env echo "c2ae79783e33a841bcffd0ea1e7fb34d89312a10" >> REVISION as wcmc@wordpress-linode.linode.unep-wcmc.org
 DEBUG [7bf18007] Command: cd /home/wcmc/eutr/releases/20180709101417 && /usr/bin/env echo "c2ae79783e33a841bcffd0ea1e7fb34d89312a10" >> REVISION
  INFO [7bf18007] Finished in 0.195 seconds with exit status 0 (successful).
  INFO [348ea2a1] Running /usr/bin/env ln -s /home/wcmc/eutr/releases/20180709101417 /home/wcmc/eutr/releases/current as wcmc@wordpress-linode.linode.unep-wcmc.org
 DEBUG [348ea2a1] Command: /usr/bin/env ln -s /home/wcmc/eutr/releases/20180709101417 /home/wcmc/eutr/releases/current
  INFO [348ea2a1] Finished in 0.217 seconds with exit status 0 (successful).
  INFO [1b69d4bb] Running /usr/bin/env mv /home/wcmc/eutr/releases/current /home/wcmc/eutr as wcmc@wordpress-linode.linode.unep-wcmc.org
 DEBUG [1b69d4bb] Command: /usr/bin/env mv /home/wcmc/eutr/releases/current /home/wcmc/eutr
  INFO [1b69d4bb] Finished in 0.187 seconds with exit status 0 (successful).
 DEBUG [d112f087] Running /usr/bin/env ls -x /home/wcmc/eutr/releases as wcmc@wordpress-linode.linode.unep-wcmc.org
 DEBUG [d112f087] Command: /usr/bin/env ls -x /home/wcmc/eutr/releases
 DEBUG [d112f087] 	20180709101417
 DEBUG [d112f087] Finished in 0.203 seconds with exit status 0 (successful).
 DEBUG [8ba67909] Running if test ! -d /home/wcmc/eutr/releases; then echo "Directory does not exist '/home/wcmc/eutr/releases'" 1>&2; false; fi as wcmc@wordpress-linode.linode.unep-wcmc.org
 DEBUG [8ba67909] Command: if test ! -d /home/wcmc/eutr/releases; then echo "Directory does not exist '/home/wcmc/eutr/releases'" 1>&2; false; fi
 DEBUG [8ba67909] Finished in 0.201 seconds with exit status 0 (successful).
  INFO [56076cf2] Running /usr/bin/env echo "Branch master (at c2ae79783e33a841bcffd0ea1e7fb34d89312a10) deployed as release 20180709101417 by stuart" >> /home/wcmc/eutr/revisions.log as wcmc@wordpress-linode.linode.unep-wcmc.org
 DEBUG [56076cf2] Command: cd /home/wcmc/eutr/releases && /usr/bin/env echo "Branch master (at c2ae79783e33a841bcffd0ea1e7fb34d89312a10) deployed as release 20180709101417 by stuart" >> /home/wcmc/eutr/revisions.log
  INFO [56076cf2] Finished in 0.206 seconds with exit status 0 (successful).
